<?xml version="1.0" encoding="UTF-8"?>
<!-- Generated by org.testng.reporters.JUnitReportReporter -->
<testsuite hostname="DESKTOP-0Q650Q3" failures="0" tests="2" name="TestNGConcept.hhf" time="0.014" errors="0" timestamp="17 Sept 2024 12:14:12 GMT" skipped="0">
  <testcase classname="TestNGConcept.hhf" name="Test" time="0.009"/>
  <testcase classname="TestNGConcept.hhf" name="Test" time="0.005"/>
</testsuite> <!-- TestNGConcept.hhf -->
