<?xml version="1.0" encoding="UTF-8"?>
<!-- Generated by org.testng.reporters.JUnitReportReporter -->
<testsuite hostname="DESKTOP-0Q650Q3" failures="0" tests="1" name="runnerFile.RunnerClassTest" time="0.152" errors="0" timestamp="2024-10-15T19:31:30 IST" skipped="0">
  <testcase classname="runnerFile.RunnerClassTest" name="runScenario" time="0.152"/>
</testsuite> <!-- runnerFile.RunnerClassTest -->
