<?xml version="1.0" encoding="UTF-8"?>
<!-- Generated by org.testng.reporters.JUnitReportReporter -->
<testsuite hostname="Believers" failures="0" tests="1" name="com.qa.hs.tests.LoginTest" time="43.488" errors="0" timestamp="13 Jul 2024 13:03:11 GMT" skipped="0">
  <testcase classname="com.qa.hs.tests.LoginTest" name="loginTest" time="43.488"/>
</testsuite> <!-- com.qa.hs.tests.LoginTest -->
