<?xml version="1.0" encoding="UTF-8"?>
<!-- Generated by org.testng.reporters.JUnitReportReporter -->
<testsuite hostname="DESKTOP-0Q650Q3" failures="0" tests="1" name="practice.Workbook3" time="0.010" errors="0" timestamp="2025-01-08T12:40:19 IST" skipped="0">
  <testcase classname="practice.Workbook3" name="testCarDetails" time="0.010"/>
</testsuite> <!-- practice.Workbook3 -->
