<?xml version="1.0" encoding="UTF-8"?>
<!-- Generated by org.testng.reporters.JUnitReportReporter -->
<testsuite hostname="DESKTOP-0Q650Q3" failures="0" tests="4" name="TestNGConcept.GroupingConcept" time="0.026" errors="0" timestamp="2025-01-03T16:18:59 IST" skipped="0">
  <testcase classname="TestNGConcept.GroupingConcept" name="retrssyidu" time="0.009"/>
  <testcase classname="TestNGConcept.GroupingConcept" name="jk" time="0.002"/>
  <testcase classname="TestNGConcept.GroupingConcept" name="retryiu" time="0.004"/>
  <testcase classname="TestNGConcept.GroupingConcept" name="hk" time="0.011"/>
</testsuite> <!-- TestNGConcept.GroupingConcept -->
