<?xml version="1.0" encoding="UTF-8"?>
<!-- Generated by org.testng.reporters.JUnitReportReporter -->
<testsuite hostname="DESKTOP-0Q650Q3" failures="0" tests="2" name="practice.testng" time="7.563" errors="0" timestamp="24 Sept 2024 10:46:44 GMT" skipped="0">
  <testcase classname="practice.testng" name="kk" time="5.010"/>
  <testcase classname="practice.testng" name="hk" time="2.553"/>
</testsuite> <!-- practice.testng -->
